<?xml version="1.0" encoding="UTF-8"?>
<testsuite name="runners.GoogleTestRunner" tests="1" skipped="0" failures="0" errors="0" timestamp="2022-04-09T23:26:29" hostname="DESKTOP-MAIN" time="2.187">
  <properties/>
  <testcase name="searchGoogleByKeyword[0](no such element exception selenium)" classname="runners.GoogleTestRunner" time="2.187"/>
  <system-out><![CDATA[01:26:30.555 [Test worker] INFO  runners.GoogleTestRunner - Navigate to: https://google.com
01:26:30.736 [Test worker] INFO  runners.GoogleTestRunner - ----------------------- Search by keyword: no such element exception selenium -----------------------
01:26:31.590 [Test worker] INFO  runners.GoogleTestRunner - Found 6 results
01:26:31.591 [Test worker] INFO  runners.GoogleTestRunner - ----------------------- Results containing: no such element exception selenium -----------------------
01:26:31.592 [Test worker] INFO  runners.GoogleTestRunner - Website Title: How to handle NoSuchElement Exception in Java Selenium
01:26:31.592 [Test worker] INFO  runners.GoogleTestRunner - Website Url: https://www.skillrary.com 
01:26:31.592 [Test worker] INFO  runners.GoogleTestRunner - Short Description: No description available.
01:26:31.592 [Test worker] INFO  runners.GoogleTestRunner - Website Title: NoSuchElementException WebDriver Exception - Selenium ...
01:26:31.593 [Test worker] INFO  runners.GoogleTestRunner - Website Url: https://selenium-by-arun.blogspot.com 
01:26:31.593 [Test worker] INFO  runners.GoogleTestRunner - Short Description: NoSuchElementException is one of the different WebDriver Exceptions and this Exception occurs, when the locators (i.e. id / xpath/ css selectors etc) we ...
01:26:31.593 [Test worker] INFO  runners.GoogleTestRunner - Website Title: Class NoSuchElementException - Selenium.dev
01:26:31.593 [Test worker] INFO  runners.GoogleTestRunner - Website Url: https://www.selenium.dev 
01:26:31.593 [Test worker] INFO  runners.GoogleTestRunner - Short Description: public class NoSuchElementException extends NotFoundException. Thrown by WebDriver.findElement(By by) and WebElement.findElement(By by) .
01:26:31.594 [Test worker] INFO  runners.GoogleTestRunner - Website Title: What is `NoSuchElementException` in Selenium-Python?
01:26:31.594 [Test worker] INFO  runners.GoogleTestRunner - Website Url: https://www.educative.io 
01:26:31.594 [Test worker] INFO  runners.GoogleTestRunner - Short Description: When we try to find any element in an HTML page that does not exist, NoSuchElementException will be raised. .common.exceptions.: ...
01:26:31.594 [Test worker] INFO  runners.GoogleTestRunner - Website Title: Top 10 Selenium Exceptions and How To Handle These ...
01:26:31.594 [Test worker] INFO  runners.GoogleTestRunner - Website Url: https://www.softwaretestinghelp.com 
01:26:31.594 [Test worker] INFO  runners.GoogleTestRunner - Short Description: ) org.openqa.selenium.NoSuchElementException — NoSuchElementException: This exception is due to accessing an element which is not available on the ...
01:26:31.595 [Test worker] INFO  runners.GoogleTestRunner - Website Title: org.openqa.selenium.NoSuchElementException.getMessage ...
01:26:31.595 [Test worker] INFO  runners.GoogleTestRunner - Website Url: https://www.tabnine.com 
01:26:31.595 [Test worker] INFO  runners.GoogleTestRunner - Short Description: NoSuchElementException. Best Java code snippets using org.openqa.selenium.NoSuchElementException.getMessage (Showing top 15 results ...
01:26:31.595 [Test worker] INFO  runners.GoogleTestRunner - ----------------------- Results not containing: no such element exception selenium -----------------------
]]></system-out>
  <system-err><![CDATA[1649546782882	geckodriver	INFO	Listening on 127.0.0.1:52490
1649546783107	mozrunner::runner	INFO	Running command: "C:\\Program Files\\Mozilla Firefox\\firefox.exe" "--marionette" "--disable-extensions" "--ignore-certificate-errors" "--disable-infobars" "--disable-gpu" "--remote-debugging-port" "50441" "-no-remote" "-profile" "C:\\Users\\bogdan\\AppData\\Local\\Temp\\rust_mozprofileZlFNSw"
1649546783370	Marionette	INFO	Marionette enabled
console.warn: SearchSettings: "get: No settings file exists, new profile?" (new NotFoundError("Could not open the file at C:\\Users\\bogdan\\AppData\\Local\\Temp\\rust_mozprofileZlFNSw\\search.json.mozlz4", (void 0)))
DevTools listening on ws://localhost:50441/devtools/browser/34589046-b704-428f-a843-2ffe80fc8b71
1649546785212	Marionette	INFO	Listening on port 51481
Apr 10, 2022 1:26:25 AM org.openqa.selenium.remote.ProtocolHandshake createSession
INFO: Detected dialect: W3C
console.warn: LoginRecipes: "getRecipes: falling back to a synchronous message for:" "https://www.google.com"
1649546791601	Marionette	INFO	Stopped listening on port 51481
]]></system-err>
</testsuite>
